# JRE version: Java(TM) SE Runtime Environment (17.0.12+8) (build 17.0.12+8-LTS-286)
# Java VM: Java HotSpot(TM) 64-Bit Server VM (17.0.12+8-LTS-286, mixed mode, sharing, tiered, compressed oops, compressed class ptrs, g1 gc, windows-amd64)
GC Precious Log:
 CPUs: 4 total, 4 available
 Memory: 16124M
 Large Page Support: Disabled
 NUMA Support: Disabled
 Compressed Oops: Enabled (Zero based)
 Heap Region Size: 2M
 Heap Min Capacity: 8M
 Heap Initial Capacity: 252M
 Heap Max Capacity: 4032M
 Pre-touch: Disabled
 Parallel Workers: 4
 Concurrent Workers: 1
 Concurrent Refinement Workers: 4
 Periodic GC: Disabled
Heap:
 garbage-first heap   total 192512K, used 103218K [0x0000000704000000, 0x0000000800000000)
  region size 2048K, 35 young (71680K), 3 survivors (6144K)
 Metaspace       used 88015K, committed 88704K, reserved 1179648K
  class space    used 12194K, committed 12544K, reserved 1048576K
GC Heap History (20 events):
Event: 7.441 GC heap before
{Heap before GC invocations=7 (full 0):
 garbage-first heap   total 75776K, used 48785K [0x0000000704000000, 0x0000000800000000)
  region size 2048K, 14 young (28672K), 1 survivors (2048K)
 Metaspace       used 31463K, committed 31872K, reserved 1114112K
  class space    used 3914K, committed 4096K, reserved 1048576K
}
Event: 7.453 GC heap after
{Heap after GC invocations=8 (full 0):
 garbage-first heap   total 98304K, used 23794K [0x0000000704000000, 0x0000000800000000)
  region size 2048K, 2 young (4096K), 2 survivors (4096K)
 Metaspace       used 31463K, committed 31872K, reserved 1114112K
  class space    used 3914K, committed 4096K, reserved 1048576K
}
Event: 8.242 GC heap before
{Heap before GC invocations=8 (full 0):
 garbage-first heap   total 98304K, used 38130K [0x0000000704000000, 0x0000000800000000)
  region size 2048K, 10 young (20480K), 2 survivors (4096K)
 Metaspace       used 35555K, committed 35968K, reserved 1114112K
  class space    used 4512K, committed 4736K, reserved 1048576K
}
Event: 8.258 GC heap after
{Heap after GC invocations=9 (full 0):
 garbage-first heap   total 98304K, used 24551K [0x0000000704000000, 0x0000000800000000)
  region size 2048K, 2 young (4096K), 2 survivors (4096K)
 Metaspace       used 35555K, committed 35968K, reserved 1114112K
  class space    used 4512K, committed 4736K, reserved 1048576K
}
Event: 11.508 GC heap before
{Heap before GC invocations=10 (full 0):
 garbage-first heap   total 96256K, used 67559K [0x0000000704000000, 0x0000000800000000)
  region size 2048K, 24 young (49152K), 2 survivors (4096K)
 Metaspace       used 47335K, committed 47808K, reserved 1114112K
  class space    used 6173K, committed 6400K, reserved 1048576K
}
Event: 11.524 GC heap after
{Heap after GC invocations=11 (full 0):
 garbage-first heap   total 96256K, used 27444K [0x0000000704000000, 0x0000000800000000)
  region size 2048K, 3 young (6144K), 3 survivors (6144K)
 Metaspace       used 47335K, committed 47808K, reserved 1114112K
  class space    used 6173K, committed 6400K, reserved 1048576K
}
Event: 11.693 GC heap before
{Heap before GC invocations=11 (full 0):
 garbage-first heap   total 96256K, used 29492K [0x0000000704000000, 0x0000000800000000)
  region size 2048K, 4 young (8192K), 3 survivors (6144K)
 Metaspace       used 48111K, committed 48576K, reserved 1114112K
  class space    used 6343K, committed 6592K, reserved 1048576K
}
Event: 11.711 GC heap after
{Heap after GC invocations=12 (full 0):
 garbage-first heap   total 96256K, used 27478K [0x0000000704000000, 0x0000000800000000)
  region size 2048K, 1 young (2048K), 1 survivors (2048K)
 Metaspace       used 48111K, committed 48576K, reserved 1114112K
  class space    used 6343K, committed 6592K, reserved 1048576K
}
Event: 14.398 GC heap before
{Heap before GC invocations=12 (full 0):
 garbage-first heap   total 96256K, used 70486K [0x0000000704000000, 0x0000000800000000)
  region size 2048K, 22 young (45056K), 1 survivors (2048K)
 Metaspace       used 59870K, committed 60352K, reserved 1114112K
  class space    used 8135K, committed 8384K, reserved 1048576K
}
Event: 14.409 GC heap after
{Heap after GC invocations=13 (full 0):
 garbage-first heap   total 96256K, used 28114K [0x0000000704000000, 0x0000000800000000)
  region size 2048K, 1 young (2048K), 1 survivors (2048K)
 Metaspace       used 59870K, committed 60352K, reserved 1114112K
  class space    used 8135K, committed 8384K, reserved 1048576K
}
Event: 17.764 GC heap before
{Heap before GC invocations=14 (full 0):
 garbage-first heap   total 96256K, used 73170K [0x0000000704000000, 0x0000000800000000)
  region size 2048K, 23 young (47104K), 1 survivors (2048K)
 Metaspace       used 66681K, committed 67200K, reserved 1114112K
  class space    used 9174K, committed 9408K, reserved 1048576K
}
Event: 17.780 GC heap after
{Heap after GC invocations=15 (full 0):
 garbage-first heap   total 96256K, used 31763K [0x0000000704000000, 0x0000000800000000)
  region size 2048K, 3 young (6144K), 3 survivors (6144K)
 Metaspace       used 66681K, committed 67200K, reserved 1114112K
  class space    used 9174K, committed 9408K, reserved 1048576K
}
Event: 19.655 GC heap before
{Heap before GC invocations=16 (full 0):
 garbage-first heap   total 96256K, used 74771K [0x0000000704000000, 0x0000000800000000)
  region size 2048K, 24 young (49152K), 3 survivors (6144K)
 Metaspace       used 72852K, committed 73408K, reserved 1114112K
  class space    used 10256K, committed 10496K, reserved 1048576K
}
Event: 19.685 GC heap after
{Heap after GC invocations=17 (full 0):
 garbage-first heap   total 96256K, used 34996K [0x0000000704000000, 0x0000000800000000)
  region size 2048K, 2 young (4096K), 2 survivors (4096K)
 Metaspace       used 72852K, committed 73408K, reserved 1114112K
  class space    used 10256K, committed 10496K, reserved 1048576K
}
Event: 19.756 GC heap before
{Heap before GC invocations=17 (full 0):
 garbage-first heap   total 96256K, used 37044K [0x0000000704000000, 0x0000000800000000)
  region size 2048K, 3 young (6144K), 2 survivors (4096K)
 Metaspace       used 72925K, committed 73408K, reserved 1114112K
  class space    used 10257K, committed 10496K, reserved 1048576K
}
Event: 19.776 GC heap after
{Heap after GC invocations=18 (full 0):
 garbage-first heap   total 96256K, used 35467K [0x0000000704000000, 0x0000000800000000)
  region size 2048K, 1 young (2048K), 1 survivors (2048K)
 Metaspace       used 72925K, committed 73408K, reserved 1114112K
  class space    used 10257K, committed 10496K, reserved 1048576K
}
Event: 20.550 GC heap before
{Heap before GC invocations=18 (full 0):
 garbage-first heap   total 96256K, used 74379K [0x0000000704000000, 0x0000000800000000)
  region size 2048K, 20 young (40960K), 1 survivors (2048K)
 Metaspace       used 73863K, committed 74432K, reserved 1114112K
  class space    used 10377K, committed 10688K, reserved 1048576K
}
Event: 20.564 GC heap after
{Heap after GC invocations=19 (full 0):
 garbage-first heap   total 96256K, used 36629K [0x0000000704000000, 0x0000000800000000)
  region size 2048K, 1 young (2048K), 1 survivors (2048K)
 Metaspace       used 73863K, committed 74432K, reserved 1114112K
  class space    used 10377K, committed 10688K, reserved 1048576K
}
Event: 23.226 GC heap before
{Heap before GC invocations=19 (full 0):
 garbage-first heap   total 96256K, used 75541K [0x0000000704000000, 0x0000000800000000)
  region size 2048K, 20 young (40960K), 1 survivors (2048K)
 Metaspace       used 78999K, committed 79616K, reserved 1179648K
  class space    used 11092K, committed 11392K, reserved 1048576K
}
Event: 23.250 GC heap after
{Heap after GC invocations=20 (full 0):
 garbage-first heap   total 192512K, used 39730K [0x0000000704000000, 0x0000000800000000)
  region size 2048K, 3 young (6144K), 3 survivors (6144K)
 Metaspace       used 78999K, committed 79616K, reserved 1179648K
  class space    used 11092K, committed 11392K, reserved 1048576K
}

